<?xml version="1.0" encoding="UTF-8"?>
<!-- Generated by org.testng.reporters.JUnitReportReporter -->
<testsuite hostname="DESKTOP-TH57TUJ" failures="0" tests="1" name="rahulshettyacadmy.tests.ErrorValidations" time="10.324" errors="0" timestamp="2024-01-13T12:10:25 IST" skipped="0">
  <testcase classname="rahulshettyacadmy.tests.ErrorValidations" name="submitOrder" time="10.324"/>
</testsuite> <!-- rahulshettyacadmy.tests.ErrorValidations -->
