<?xml version="1.0" encoding="UTF-8"?>
<!-- Generated by org.testng.reporters.JUnitReportReporter -->
<testsuite hostname="DESKTOP-TH57TUJ" failures="0" tests="3" name="rahulshettyacadmy.tests.SubmitOrderTest" time="40.683" errors="0" timestamp="2024-01-21T17:03:40 IST" skipped="0">
  <testcase classname="rahulshettyacadmy.tests.SubmitOrderTest" name="OrderHistoryTest" time="8.361"/>
  <testcase classname="rahulshettyacadmy.tests.SubmitOrderTest" name="submitOrder" time="17.825"/>
  <testcase classname="rahulshettyacadmy.tests.SubmitOrderTest" name="submitOrder" time="14.497"/>
</testsuite> <!-- rahulshettyacadmy.tests.SubmitOrderTest -->
