<?xml version="1.0" encoding="UTF-8"?>
<!-- Generated by org.testng.reporters.JUnitReportReporter -->
<testsuite hostname="DESKTOP-TH57TUJ" failures="0" tests="3" name="rahulshettyacadmy.tests.SubmitOrderTest" time="27.127" errors="0" timestamp="2024-03-19T23:24:51 IST" skipped="0">
  <testcase classname="rahulshettyacadmy.tests.SubmitOrderTest" name="submitOrder" time="12.399"/>
  <testcase classname="rahulshettyacadmy.tests.SubmitOrderTest" name="OrderHistoryTest" time="7.229"/>
  <testcase classname="rahulshettyacadmy.tests.SubmitOrderTest" name="submitOrder" time="7.499"/>
</testsuite> <!-- rahulshettyacadmy.tests.SubmitOrderTest -->
