<?xml version="1.0" encoding="UTF-8"?>
<!-- Generated by org.testng.reporters.JUnitReportReporter -->
<testsuite hostname="DESKTOP-TH57TUJ" failures="0" tests="2" name="rahulshettyacadmy.tests.ErrorValidationsTest" time="23.130" errors="0" timestamp="2024-03-19T23:24:51 IST" skipped="0">
  <testcase classname="rahulshettyacadmy.tests.ErrorValidationsTest" name="productErrorValidation" time="13.331"/>
  <testcase classname="rahulshettyacadmy.tests.ErrorValidationsTest" name="LoginErrorValidation" time="9.799"/>
</testsuite> <!-- rahulshettyacadmy.tests.ErrorValidationsTest -->
